<?xml version="1.0" encoding="UTF-8"?>
<coverage generated="1682978393913" clover="3.2.0">
  <project timestamp="1682978393914" name="All files">
    <metrics statements="80" coveredstatements="44" conditionals="13" coveredconditionals="4" methods="19" coveredmethods="10" elements="112" coveredelements="58" complexity="0" loc="80" ncloc="80" packages="4" files="9" classes="9"/>
    <package name="src">
      <metrics statements="2" coveredstatements="0" conditionals="0" coveredconditionals="0" methods="1" coveredmethods="0"/>
      <file name="App.js" path="/src/cs188/roomee/roomee-fe/src/App.js">
        <metrics statements="2" coveredstatements="0" conditionals="0" coveredconditionals="0" methods="1" coveredmethods="0"/>
        <line num="8" count="0" type="stmt"/>
        <line num="9" count="0" type="stmt"/>
      </file>
    </package>
    <package name="src.Pages">
      <metrics statements="40" coveredstatements="19" conditionals="6" coveredconditionals="1" methods="9" coveredmethods="5"/>
      <file name="Home.jsx" path="/src/cs188/roomee/roomee-fe/src/Pages/Home.jsx">
        <metrics statements="2" coveredstatements="0" conditionals="0" coveredconditionals="0" methods="1" coveredmethods="0"/>
        <line num="4" count="0" type="stmt"/>
        <line num="5" count="0" type="stmt"/>
      </file>
      <file name="Match.jsx" path="/src/cs188/roomee/roomee-fe/src/Pages/Match.jsx">
        <metrics statements="18" coveredstatements="0" conditionals="4" coveredconditionals="0" methods="3" coveredmethods="0"/>
        <line num="8" count="0" type="stmt"/>
        <line num="10" count="0" type="stmt"/>
        <line num="11" count="0" type="stmt"/>
        <line num="12" count="0" type="stmt"/>
        <line num="13" count="0" type="stmt"/>
        <line num="14" count="0" type="stmt"/>
        <line num="15" count="0" type="stmt"/>
        <line num="19" count="0" type="cond" truecount="0" falsecount="2"/>
        <line num="20" count="0" type="stmt"/>
        <line num="26" count="0" type="cond" truecount="0" falsecount="2"/>
        <line num="27" count="0" type="stmt"/>
        <line num="32" count="0" type="stmt"/>
        <line num="33" count="0" type="stmt"/>
        <line num="34" count="0" type="stmt"/>
        <line num="35" count="0" type="stmt"/>
        <line num="39" count="0" type="stmt"/>
        <line num="40" count="0" type="stmt"/>
        <line num="44" count="0" type="stmt"/>
      </file>
      <file name="Quiz.jsx" path="/src/cs188/roomee/roomee-fe/src/Pages/Quiz.jsx">
        <metrics statements="20" coveredstatements="19" conditionals="2" coveredconditionals="1" methods="5" coveredmethods="5"/>
        <line num="22" count="3" type="stmt"/>
        <line num="23" count="3" type="stmt"/>
        <line num="24" count="3" type="stmt"/>
        <line num="25" count="3" type="stmt"/>
        <line num="26" count="3" type="stmt"/>
        <line num="30" count="3" type="stmt"/>
        <line num="31" count="3" type="cond" truecount="1" falsecount="1"/>
        <line num="32" count="0" type="stmt"/>
        <line num="35" count="3" type="stmt"/>
        <line num="38" count="3" type="stmt"/>
        <line num="42" count="3" type="stmt"/>
        <line num="43" count="3" type="stmt"/>
        <line num="45" count="3" type="stmt"/>
        <line num="46" count="3" type="stmt"/>
        <line num="51" count="3" type="stmt"/>
        <line num="52" count="1" type="stmt"/>
        <line num="53" count="1" type="stmt"/>
        <line num="59" count="3" type="stmt"/>
        <line num="60" count="3" type="stmt"/>
        <line num="64" count="1" type="stmt"/>
      </file>
    </package>
    <package name="src.api_calls">
      <metrics statements="15" coveredstatements="6" conditionals="3" coveredconditionals="0" methods="4" coveredmethods="1"/>
      <file name="api.js" path="/src/cs188/roomee/roomee-fe/src/api_calls/api.js">
        <metrics statements="15" coveredstatements="6" conditionals="3" coveredconditionals="0" methods="4" coveredmethods="1"/>
        <line num="2" count="1" type="cond" truecount="0" falsecount="1"/>
        <line num="3" count="0" type="stmt"/>
        <line num="4" count="0" type="stmt"/>
        <line num="11" count="0" type="cond" truecount="0" falsecount="2"/>
        <line num="12" count="0" type="stmt"/>
        <line num="15" count="0" type="stmt"/>
        <line num="16" count="0" type="stmt"/>
        <line num="18" count="0" type="stmt"/>
        <line num="21" count="1" type="stmt"/>
        <line num="22" count="0" type="stmt"/>
        <line num="25" count="1" type="stmt"/>
        <line num="26" count="1" type="stmt"/>
        <line num="33" count="1" type="stmt"/>
        <line num="37" count="1" type="stmt"/>
        <line num="38" count="0" type="stmt"/>
      </file>
    </package>
    <package name="src.components">
      <metrics statements="23" coveredstatements="19" conditionals="4" coveredconditionals="3" methods="5" coveredmethods="4"/>
      <file name="displayTile.js" path="/src/cs188/roomee/roomee-fe/src/components/displayTile.js">
        <metrics statements="1" coveredstatements="1" conditionals="0" coveredconditionals="0" methods="1" coveredmethods="1"/>
        <line num="7" count="4" type="stmt"/>
      </file>
      <file name="matchDisplay.js" path="/src/cs188/roomee/roomee-fe/src/components/matchDisplay.js">
        <metrics statements="3" coveredstatements="3" conditionals="0" coveredconditionals="0" methods="1" coveredmethods="1"/>
        <line num="7" count="1" type="stmt"/>
        <line num="8" count="1" type="stmt"/>
        <line num="11" count="1" type="stmt"/>
      </file>
      <file name="questionGrid.js" path="/src/cs188/roomee/roomee-fe/src/components/questionGrid.js">
        <metrics statements="13" coveredstatements="13" conditionals="4" coveredconditionals="3" methods="1" coveredmethods="1"/>
        <line num="9" count="7" type="stmt"/>
        <line num="13" count="7" type="stmt"/>
        <line num="15" count="7" type="cond" truecount="2" falsecount="0"/>
        <line num="16" count="4" type="stmt"/>
        <line num="17" count="10" type="stmt"/>
        <line num="18" count="10" type="stmt"/>
        <line num="19" count="10" type="stmt"/>
        <line num="22" count="3" type="cond" truecount="1" falsecount="1"/>
        <line num="23" count="3" type="stmt"/>
        <line num="24" count="3" type="stmt"/>
        <line num="25" count="3" type="stmt"/>
        <line num="26" count="3" type="stmt"/>
        <line num="31" count="7" type="stmt"/>
      </file>
      <file name="questionTile.js" path="/src/cs188/roomee/roomee-fe/src/components/questionTile.js">
        <metrics statements="6" coveredstatements="2" conditionals="0" coveredconditionals="0" methods="2" coveredmethods="1"/>
        <line num="6" count="11" type="stmt"/>
        <line num="12" count="0" type="stmt"/>
        <line num="15" count="0" type="stmt"/>
        <line num="16" count="0" type="stmt"/>
        <line num="17" count="0" type="stmt"/>
        <line num="20" count="11" type="stmt"/>
      </file>
    </package>
  </project>
</coverage>
