{"/src/cs188/roomee/roomee-fe/src/App.js": {"path":"/src/cs188/roomee/roomee-fe/src/App.js","statementMap":{"0":{"start":{"line":8,"column":12},"end":{"line":19,"column":1}},"1":{"start":{"line":9,"column":2},"end":{"line":18,"column":4}}},"fnMap":{"0":{"name":"(anonymous_0)","decl":{"start":{"line":8,"column":12},"end":{"line":8,"column":13}},"loc":{"start":{"line":8,"column":18},"end":{"line":19,"column":1}},"line":8}},"branchMap":{},"s":{"0":0,"1":0},"f":{"0":0},"b":{}}
,"/src/cs188/roomee/roomee-fe/src/Pages/Home.jsx": {"path":"/src/cs188/roomee/roomee-fe/src/Pages/Home.jsx","statementMap":{"0":{"start":{"line":4,"column":13},"end":{"line":26,"column":1}},"1":{"start":{"line":5,"column":4},"end":{"line":25,"column":6}}},"fnMap":{"0":{"name":"(anonymous_0)","decl":{"start":{"line":4,"column":13},"end":{"line":4,"column":14}},"loc":{"start":{"line":4,"column":19},"end":{"line":26,"column":1}},"line":4}},"branchMap":{},"s":{"0":0,"1":0},"f":{"0":0},"b":{}}
,"/src/cs188/roomee/roomee-fe/src/Pages/Match.jsx": {"path":"/src/cs188/roomee/roomee-fe/src/Pages/Match.jsx","statementMap":{"0":{"start":{"line":8,"column":34},"end":{"line":8,"column":45}},"1":{"start":{"line":10,"column":22},"end":{"line":10,"column":61}},"2":{"start":{"line":11,"column":23},"end":{"line":11,"column":40}},"3":{"start":{"line":12,"column":21},"end":{"line":12,"column":27}},"4":{"start":{"line":13,"column":24},"end":{"line":13,"column":31}},"5":{"start":{"line":14,"column":25},"end":{"line":14,"column":43}},"6":{"start":{"line":15,"column":24},"end":{"line":15,"column":34}},"7":{"start":{"line":19,"column":8},"end":{"line":21,"column":9}},"8":{"start":{"line":20,"column":12},"end":{"line":20,"column":35}},"9":{"start":{"line":26,"column":8},"end":{"line":28,"column":9}},"10":{"start":{"line":27,"column":12},"end":{"line":27,"column":36}},"11":{"start":{"line":32,"column":18},"end":{"line":32,"column":20}},"12":{"start":{"line":33,"column":19},"end":{"line":33,"column":20}},"13":{"start":{"line":34,"column":4},"end":{"line":41,"column":5}},"14":{"start":{"line":35,"column":24},"end":{"line":38,"column":55}},"15":{"start":{"line":39,"column":8},"end":{"line":39,"column":29}},"16":{"start":{"line":40,"column":8},"end":{"line":40,"column":19}},"17":{"start":{"line":44,"column":4},"end":{"line":54,"column":6}}},"fnMap":{"0":{"name":"Match","decl":{"start":{"line":6,"column":9},"end":{"line":6,"column":14}},"loc":{"start":{"line":6,"column":17},"end":{"line":55,"column":1}},"line":6},"1":{"name":"nextMatch","decl":{"start":{"line":18,"column":13},"end":{"line":18,"column":22}},"loc":{"start":{"line":18,"column":25},"end":{"line":23,"column":5}},"line":18},"2":{"name":"previousMatch","decl":{"start":{"line":25,"column":13},"end":{"line":25,"column":26}},"loc":{"start":{"line":25,"column":29},"end":{"line":29,"column":5}},"line":25}},"branchMap":{"0":{"loc":{"start":{"line":19,"column":8},"end":{"line":21,"column":9}},"type":"if","locations":[{"start":{"line":19,"column":8},"end":{"line":21,"column":9}},{"start":{},"end":{}}],"line":19},"1":{"loc":{"start":{"line":26,"column":8},"end":{"line":28,"column":9}},"type":"if","locations":[{"start":{"line":26,"column":8},"end":{"line":28,"column":9}},{"start":{},"end":{}}],"line":26}},"s":{"0":0,"1":0,"2":0,"3":0,"4":0,"5":0,"6":0,"7":0,"8":0,"9":0,"10":0,"11":0,"12":0,"13":0,"14":0,"15":0,"16":0,"17":0},"f":{"0":0,"1":0,"2":0},"b":{"0":[0,0],"1":[0,0]}}
,"/src/cs188/roomee/roomee-fe/src/Pages/Quiz.jsx": {"path":"/src/cs188/roomee/roomee-fe/src/Pages/Quiz.jsx","statementMap":{"0":{"start":{"line":22,"column":20},"end":{"line":22,"column":59}},"1":{"start":{"line":23,"column":24},"end":{"line":23,"column":31}},"2":{"start":{"line":24,"column":19},"end":{"line":24,"column":25}},"3":{"start":{"line":25,"column":25},"end":{"line":25,"column":32}},"4":{"start":{"line":26,"column":25},"end":{"line":26,"column":32}},"5":{"start":{"line":30,"column":22},"end":{"line":30,"column":24}},"6":{"start":{"line":31,"column":4},"end":{"line":36,"column":5}},"7":{"start":{"line":32,"column":6},"end":{"line":32,"column":32}},"8":{"start":{"line":35,"column":6},"end":{"line":35,"column":49}},"9":{"start":{"line":38,"column":35},"end":{"line":38,"column":56}},"10":{"start":{"line":42,"column":4},"end":{"line":49,"column":10}},"11":{"start":{"line":43,"column":6},"end":{"line":43,"column":56}},"12":{"start":{"line":45,"column":6},"end":{"line":48,"column":7}},"13":{"start":{"line":46,"column":8},"end":{"line":46,"column":61}},"14":{"start":{"line":51,"column":22},"end":{"line":54,"column":5}},"15":{"start":{"line":52,"column":6},"end":{"line":52,"column":24}},"16":{"start":{"line":53,"column":6},"end":{"line":53,"column":24}},"17":{"start":{"line":59,"column":17},"end":{"line":59,"column":129}},"18":{"start":{"line":60,"column":4},"end":{"line":68,"column":6}},"19":{"start":{"line":64,"column":37},"end":{"line":64,"column":80}}},"fnMap":{"0":{"name":"Quiz","decl":{"start":{"line":12,"column":9},"end":{"line":12,"column":13}},"loc":{"start":{"line":12,"column":16},"end":{"line":69,"column":1}},"line":12},"1":{"name":"(anonymous_1)","decl":{"start":{"line":42,"column":14},"end":{"line":42,"column":15}},"loc":{"start":{"line":42,"column":20},"end":{"line":49,"column":5}},"line":42},"2":{"name":"(anonymous_2)","decl":{"start":{"line":45,"column":13},"end":{"line":45,"column":14}},"loc":{"start":{"line":45,"column":19},"end":{"line":48,"column":7}},"line":45},"3":{"name":"(anonymous_3)","decl":{"start":{"line":51,"column":22},"end":{"line":51,"column":23}},"loc":{"start":{"line":51,"column":27},"end":{"line":54,"column":5}},"line":51},"4":{"name":"(anonymous_4)","decl":{"start":{"line":64,"column":31},"end":{"line":64,"column":32}},"loc":{"start":{"line":64,"column":37},"end":{"line":64,"column":80}},"line":64}},"branchMap":{"0":{"loc":{"start":{"line":31,"column":4},"end":{"line":36,"column":5}},"type":"if","locations":[{"start":{"line":31,"column":4},"end":{"line":36,"column":5}},{"start":{"line":34,"column":8},"end":{"line":36,"column":5}}],"line":31}},"s":{"0":3,"1":3,"2":3,"3":3,"4":3,"5":3,"6":3,"7":0,"8":3,"9":3,"10":3,"11":3,"12":3,"13":3,"14":3,"15":1,"16":1,"17":3,"18":3,"19":1},"f":{"0":3,"1":3,"2":3,"3":1,"4":1},"b":{"0":[0,3]},"_coverageSchema":"1a1c01bbd47fc00a2c39e90264f33305004495a9","hash":"bde6cc1166f6810eda55234e7a987590bbfb2462"}
,"/src/cs188/roomee/roomee-fe/src/api_calls/api.js": {"path":"/src/cs188/roomee/roomee-fe/src/api_calls/api.js","statementMap":{"0":{"start":{"line":2,"column":23},"end":{"line":19,"column":1}},"1":{"start":{"line":3,"column":14},"end":{"line":3,"column":49}},"2":{"start":{"line":4,"column":18},"end":{"line":9,"column":3}},"3":{"start":{"line":11,"column":2},"end":{"line":13,"column":3}},"4":{"start":{"line":12,"column":4},"end":{"line":12,"column":40}},"5":{"start":{"line":15,"column":19},"end":{"line":15,"column":44}},"6":{"start":{"line":16,"column":15},"end":{"line":16,"column":36}},"7":{"start":{"line":18,"column":2},"end":{"line":18,"column":14}},"8":{"start":{"line":21,"column":28},"end":{"line":23,"column":1}},"9":{"start":{"line":22,"column":2},"end":{"line":22,"column":36}},"10":{"start":{"line":25,"column":29},"end":{"line":35,"column":1}},"11":{"start":{"line":26,"column":18},"end":{"line":30,"column":3}},"12":{"start":{"line":33,"column":2},"end":{"line":33,"column":35}},"13":{"start":{"line":37,"column":27},"end":{"line":39,"column":1}},"14":{"start":{"line":38,"column":2},"end":{"line":38,"column":39}}},"fnMap":{"0":{"name":"(anonymous_0)","decl":{"start":{"line":2,"column":23},"end":{"line":2,"column":24}},"loc":{"start":{"line":2,"column":65},"end":{"line":19,"column":1}},"line":2},"1":{"name":"(anonymous_1)","decl":{"start":{"line":21,"column":28},"end":{"line":21,"column":29}},"loc":{"start":{"line":21,"column":40},"end":{"line":23,"column":1}},"line":21},"2":{"name":"(anonymous_2)","decl":{"start":{"line":25,"column":29},"end":{"line":25,"column":30}},"loc":{"start":{"line":25,"column":69},"end":{"line":35,"column":1}},"line":25},"3":{"name":"(anonymous_3)","decl":{"start":{"line":37,"column":27},"end":{"line":37,"column":28}},"loc":{"start":{"line":37,"column":39},"end":{"line":39,"column":1}},"line":37}},"branchMap":{"0":{"loc":{"start":{"line":2,"column":40},"end":{"line":2,"column":54}},"type":"default-arg","locations":[{"start":{"line":2,"column":49},"end":{"line":2,"column":54}}],"line":2},"1":{"loc":{"start":{"line":11,"column":2},"end":{"line":13,"column":3}},"type":"if","locations":[{"start":{"line":11,"column":2},"end":{"line":13,"column":3}},{"start":{},"end":{}}],"line":11}},"s":{"0":1,"1":0,"2":0,"3":0,"4":0,"5":0,"6":0,"7":0,"8":1,"9":0,"10":1,"11":1,"12":1,"13":1,"14":0},"f":{"0":0,"1":0,"2":1,"3":0},"b":{"0":[0],"1":[0,0]},"_coverageSchema":"1a1c01bbd47fc00a2c39e90264f33305004495a9","hash":"6f184f92a8e7ee45a7f950ad929744652cea9086"}
,"/src/cs188/roomee/roomee-fe/src/components/displayTile.js": {"path":"/src/cs188/roomee/roomee-fe/src/components/displayTile.js","statementMap":{"0":{"start":{"line":7,"column":8},"end":{"line":11,"column":5}}},"fnMap":{"0":{"name":"DisplayTile","decl":{"start":{"line":5,"column":24},"end":{"line":5,"column":35}},"loc":{"start":{"line":5,"column":69},"end":{"line":12,"column":1}},"line":5}},"branchMap":{},"s":{"0":4},"f":{"0":4},"b":{},"_coverageSchema":"1a1c01bbd47fc00a2c39e90264f33305004495a9","hash":"ceefa91234be61adf7c8e47307cc2c15a937fe57"}
,"/src/cs188/roomee/roomee-fe/src/components/matchDisplay.js": {"path":"/src/cs188/roomee/roomee-fe/src/components/matchDisplay.js","statementMap":{"0":{"start":{"line":7,"column":28},"end":{"line":7,"column":122}},"1":{"start":{"line":8,"column":29},"end":{"line":8,"column":124}},"2":{"start":{"line":11,"column":4},"end":{"line":27,"column":5}}},"fnMap":{"0":{"name":"MatchDisplay","decl":{"start":{"line":4,"column":24},"end":{"line":4,"column":36}},"loc":{"start":{"line":4,"column":96},"end":{"line":28,"column":1}},"line":4}},"branchMap":{},"s":{"0":1,"1":1,"2":1},"f":{"0":1},"b":{},"_coverageSchema":"1a1c01bbd47fc00a2c39e90264f33305004495a9","hash":"04185a7aa8a12caa696412159329f32c8c8b5309"}
,"/src/cs188/roomee/roomee-fe/src/components/questionGrid.js": {"path":"/src/cs188/roomee/roomee-fe/src/components/questionGrid.js","statementMap":{"0":{"start":{"line":9,"column":24},"end":{"line":9,"column":26}},"1":{"start":{"line":13,"column":26},"end":{"line":13,"column":27}},"2":{"start":{"line":15,"column":8},"end":{"line":28,"column":9}},"3":{"start":{"line":16,"column":12},"end":{"line":20,"column":13}},"4":{"start":{"line":17,"column":36},"end":{"line":17,"column":195}},"5":{"start":{"line":18,"column":16},"end":{"line":18,"column":49}},"6":{"start":{"line":19,"column":16},"end":{"line":19,"column":30}},"7":{"start":{"line":22,"column":13},"end":{"line":28,"column":9}},"8":{"start":{"line":23,"column":12},"end":{"line":27,"column":13}},"9":{"start":{"line":24,"column":38},"end":{"line":24,"column":168}},"10":{"start":{"line":25,"column":16},"end":{"line":25,"column":51}},"11":{"start":{"line":26,"column":16},"end":{"line":26,"column":30}},"12":{"start":{"line":31,"column":4},"end":{"line":35,"column":5}}},"fnMap":{"0":{"name":"QuestionGrid","decl":{"start":{"line":5,"column":24},"end":{"line":5,"column":36}},"loc":{"start":{"line":5,"column":76},"end":{"line":36,"column":1}},"line":5}},"branchMap":{"0":{"loc":{"start":{"line":15,"column":8},"end":{"line":28,"column":9}},"type":"if","locations":[{"start":{"line":15,"column":8},"end":{"line":28,"column":9}},{"start":{"line":22,"column":13},"end":{"line":28,"column":9}}],"line":15},"1":{"loc":{"start":{"line":22,"column":13},"end":{"line":28,"column":9}},"type":"if","locations":[{"start":{"line":22,"column":13},"end":{"line":28,"column":9}},{"start":{},"end":{}}],"line":22}},"s":{"0":7,"1":7,"2":7,"3":4,"4":10,"5":10,"6":10,"7":3,"8":3,"9":3,"10":3,"11":3,"12":7},"f":{"0":7},"b":{"0":[4,3],"1":[3,0]},"_coverageSchema":"1a1c01bbd47fc00a2c39e90264f33305004495a9","hash":"c3a2790a3a99a99f6f36b7721fcf45ae10ae13ea"}
,"/src/cs188/roomee/roomee-fe/src/components/questionTile.js": {"path":"/src/cs188/roomee/roomee-fe/src/components/questionTile.js","statementMap":{"0":{"start":{"line":6,"column":40},"end":{"line":6,"column":69}},"1":{"start":{"line":12,"column":8},"end":{"line":12,"column":41}},"2":{"start":{"line":15,"column":26},"end":{"line":15,"column":33}},"3":{"start":{"line":16,"column":8},"end":{"line":16,"column":60}},"4":{"start":{"line":17,"column":8},"end":{"line":17,"column":31}},"5":{"start":{"line":20,"column":4},"end":{"line":32,"column":5}}},"fnMap":{"0":{"name":"QuestionTile","decl":{"start":{"line":5,"column":24},"end":{"line":5,"column":36}},"loc":{"start":{"line":5,"column":82},"end":{"line":33,"column":1}},"line":5},"1":{"name":"handleChange","decl":{"start":{"line":9,"column":13},"end":{"line":9,"column":25}},"loc":{"start":{"line":9,"column":33},"end":{"line":18,"column":5}},"line":9}},"branchMap":{},"s":{"0":11,"1":0,"2":0,"3":0,"4":0,"5":11},"f":{"0":11,"1":0},"b":{},"_coverageSchema":"1a1c01bbd47fc00a2c39e90264f33305004495a9","hash":"1ebff83ee22b1e87a7bef65425fb813ccd625a55"}
}
