TN:
SF:src/App.js
FN:8,(anonymous_0)
FNF:1
FNH:0
FNDA:0,(anonymous_0)
DA:8,0
DA:9,0
LF:2
LH:0
BRF:0
BRH:0
end_of_record
TN:
SF:src/Pages/Home.jsx
FN:4,(anonymous_0)
FNF:1
FNH:0
FNDA:0,(anonymous_0)
DA:4,0
DA:5,0
LF:2
LH:0
BRF:0
BRH:0
end_of_record
TN:
SF:src/Pages/Match.jsx
FN:6,Match
FN:18,nextMatch
FN:25,previousMatch
FNF:3
FNH:0
FNDA:0,Match
FNDA:0,nextMatch
FNDA:0,previousMatch
DA:8,0
DA:10,0
DA:11,0
DA:12,0
DA:13,0
DA:14,0
DA:15,0
DA:19,0
DA:20,0
DA:26,0
DA:27,0
DA:32,0
DA:33,0
DA:34,0
DA:35,0
DA:39,0
DA:40,0
DA:44,0
LF:18
LH:0
BRDA:19,0,0,0
BRDA:19,0,1,0
BRDA:26,1,0,0
BRDA:26,1,1,0
BRF:4
BRH:0
end_of_record
TN:
SF:src/Pages/Quiz.jsx
FN:12,Quiz
FN:42,(anonymous_1)
FN:45,(anonymous_2)
FN:51,(anonymous_3)
FN:64,(anonymous_4)
FNF:5
FNH:5
FNDA:3,Quiz
FNDA:3,(anonymous_1)
FNDA:3,(anonymous_2)
FNDA:1,(anonymous_3)
FNDA:1,(anonymous_4)
DA:22,3
DA:23,3
DA:24,3
DA:25,3
DA:26,3
DA:30,3
DA:31,3
DA:32,0
DA:35,3
DA:38,3
DA:42,3
DA:43,3
DA:45,3
DA:46,3
DA:51,3
DA:52,1
DA:53,1
DA:59,3
DA:60,3
DA:64,1
LF:20
LH:19
BRDA:31,0,0,0
BRDA:31,0,1,3
BRF:2
BRH:1
end_of_record
TN:
SF:src/api_calls/api.js
FN:2,(anonymous_0)
FN:21,(anonymous_1)
FN:25,(anonymous_2)
FN:37,(anonymous_3)
FNF:4
FNH:1
FNDA:0,(anonymous_0)
FNDA:0,(anonymous_1)
FNDA:1,(anonymous_2)
FNDA:0,(anonymous_3)
DA:2,1
DA:3,0
DA:4,0
DA:11,0
DA:12,0
DA:15,0
DA:16,0
DA:18,0
DA:21,1
DA:22,0
DA:25,1
DA:26,1
DA:33,1
DA:37,1
DA:38,0
LF:15
LH:6
BRDA:2,0,0,0
BRDA:11,1,0,0
BRDA:11,1,1,0
BRF:3
BRH:0
end_of_record
TN:
SF:src/components/displayTile.js
FN:5,DisplayTile
FNF:1
FNH:1
FNDA:4,DisplayTile
DA:7,4
LF:1
LH:1
BRF:0
BRH:0
end_of_record
TN:
SF:src/components/matchDisplay.js
FN:4,MatchDisplay
FNF:1
FNH:1
FNDA:1,MatchDisplay
DA:7,1
DA:8,1
DA:11,1
LF:3
LH:3
BRF:0
BRH:0
end_of_record
TN:
SF:src/components/questionGrid.js
FN:5,QuestionGrid
FNF:1
FNH:1
FNDA:7,QuestionGrid
DA:9,7
DA:13,7
DA:15,7
DA:16,4
DA:17,10
DA:18,10
DA:19,10
DA:22,3
DA:23,3
DA:24,3
DA:25,3
DA:26,3
DA:31,7
LF:13
LH:13
BRDA:15,0,0,4
BRDA:15,0,1,3
BRDA:22,1,0,3
BRDA:22,1,1,0
BRF:4
BRH:3
end_of_record
TN:
SF:src/components/questionTile.js
FN:5,QuestionTile
FN:9,handleChange
FNF:2
FNH:1
FNDA:11,QuestionTile
FNDA:0,handleChange
DA:6,11
DA:12,0
DA:15,0
DA:16,0
DA:17,0
DA:20,11
LF:6
LH:2
BRF:0
BRH:0
end_of_record
